<?xml version="1.0" encoding="UTF-8"?>
<!-- Generated by org.testng.reporters.JUnitReportReporter -->
<testsuite hostname="LAPTOP-U5D56BQQ" failures="0" tests="1" name="runner.LoginRunner" time="0.208" errors="0" timestamp="2024-03-19T23:28:37 IST" skipped="0">
  <testcase classname="runner.LoginRunner" name="runScenario" time="0.208"/>
  <system-out/>
</testsuite> <!-- runner.LoginRunner -->
