<?xml version="1.0" encoding="UTF-8"?>
<!-- Generated by org.testng.reporters.JUnitReportReporter -->
<testsuite hostname="LAPTOP-U5D56BQQ" failures="0" tests="3" name="runner.HooksRunner" time="0.285" errors="0" timestamp="2024-03-18T22:28:33 IST" skipped="0">
  <testcase classname="runner.HooksRunner" name="runScenario" time="0.194"/>
  <system-out/>
  <testcase classname="runner.HooksRunner" name="runScenario" time="0.046"/>
  <system-out/>
  <testcase classname="runner.HooksRunner" name="runScenario" time="0.045"/>
  <system-out/>
</testsuite> <!-- runner.HooksRunner -->
